# JRE version: OpenJDK Runtime Environment Temurin-21.0.12.1+1 (21.0.12.1+1) (build 21.0.12.1+1-LTS)
# Java VM: OpenJDK 64-Bit Server VM Temurin-21.0.12.1+1 (21.0.12.1+1-LTS, mixed mode, sharing, tiered, compressed oops, compressed class ptrs, parallel gc, windows-amd64)
GC Precious Log:
 CardTable entry size: 512
 CPUs: 2 total, 2 available
 Memory: 8016M
 Large Page Support: Disabled
 NUMA Support: Disabled
 Compressed Oops: Enabled (32-bit)
 Alignments: Space 512K, Generation 512K, Heap 2M
 Heap Min Capacity: 100M
 Heap Initial Capacity: 100M
 Heap Max Capacity: 2G
 Pre-touch: Disabled
 Parallel Workers: 2
Heap:
 PSYoungGen      total 16896K, used 11249K [0x00000000d5580000, 0x00000000d6a80000, 0x0000000100000000)
  eden space 16384K, 68% used [0x00000000d5580000,0x00000000d607c458,0x00000000d6580000)
  from space 512K, 0% used [0x00000000d6580000,0x00000000d6580000,0x00000000d6600000)
  to   space 512K, 0% used [0x00000000d6a00000,0x00000000d6a00000,0x00000000d6a80000)
 ParOldGen       total 1398272K, used 38559K [0x0000000080000000, 0x00000000d5580000, 0x00000000d5580000)
  object space 1398272K, 2% used [0x0000000080000000,0x00000000825a7f80,0x00000000d5580000)
 Metaspace       used 65086K, committed 66432K, reserved 1114112K
  class space    used 6858K, committed 7488K, reserved 1048576K
GC Heap History (20 events):
Event: 166.143 GC heap before
{Heap before GC invocations=35 (full 3):
 PSYoungGen      total 18944K, used 18782K [0x00000000d5580000, 0x00000000d6980000, 0x0000000100000000)
  eden space 17408K, 100% used [0x00000000d5580000,0x00000000d6680000,0x00000000d6680000)
  from space 1536K, 89% used [0x00000000d6780000,0x00000000d68d79e8,0x00000000d6900000)
  to   space 512K, 0% used [0x00000000d6900000,0x00000000d6900000,0x00000000d6980000)
 ParOldGen       total 68608K, used 42195K [0x0000000080000000, 0x0000000084300000, 0x00000000d5580000)
  object space 68608K, 61% used [0x0000000080000000,0x0000000082934cd8,0x0000000084300000)
 Metaspace       used 61290K, committed 62592K, reserved 1114112K
  class space    used 6526K, committed 7104K, reserved 1048576K
}
Event: 166.156 GC heap after
{Heap after GC invocations=35 (full 3):
 PSYoungGen      total 13824K, used 489K [0x00000000d5580000, 0x00000000d7380000, 0x0000000100000000)
  eden space 13312K, 0% used [0x00000000d5580000,0x00000000d5580000,0x00000000d6280000)
  from space 512K, 95% used [0x00000000d6900000,0x00000000d697a768,0x00000000d6980000)
  to   space 6656K, 0% used [0x00000000d6280000,0x00000000d6280000,0x00000000d6900000)
 ParOldGen       total 68608K, used 47470K [0x0000000080000000, 0x0000000084300000, 0x00000000d5580000)
  object space 68608K, 69% used [0x0000000080000000,0x0000000082e5bad8,0x0000000084300000)
 Metaspace       used 61290K, committed 62592K, reserved 1114112K
  class space    used 6526K, committed 7104K, reserved 1048576K
}
Event: 170.919 GC heap before
{Heap before GC invocations=36 (full 3):
 PSYoungGen      total 13824K, used 13801K [0x00000000d5580000, 0x00000000d7380000, 0x0000000100000000)
  eden space 13312K, 100% used [0x00000000d5580000,0x00000000d6280000,0x00000000d6280000)
  from space 512K, 95% used [0x00000000d6900000,0x00000000d697a768,0x00000000d6980000)
  to   space 6656K, 0% used [0x00000000d6280000,0x00000000d6280000,0x00000000d6900000)
 ParOldGen       total 68608K, used 47470K [0x0000000080000000, 0x0000000084300000, 0x00000000d5580000)
  object space 68608K, 69% used [0x0000000080000000,0x0000000082e5bad8,0x0000000084300000)
 Metaspace       used 62371K, committed 63744K, reserved 1114112K
  class space    used 6620K, committed 7232K, reserved 1048576K
}
Event: 170.925 GC heap after
{Heap after GC invocations=36 (full 3):
 PSYoungGen      total 14848K, used 1120K [0x00000000d5580000, 0x00000000d6980000, 0x0000000100000000)
  eden space 13312K, 0% used [0x00000000d5580000,0x00000000d5580000,0x00000000d6280000)
  from space 1536K, 72% used [0x00000000d6280000,0x00000000d63982e0,0x00000000d6400000)
  to   space 3072K, 0% used [0x00000000d6680000,0x00000000d6680000,0x00000000d6980000)
 ParOldGen       total 68608K, used 47936K [0x0000000080000000, 0x0000000084300000, 0x00000000d5580000)
  object space 68608K, 69% used [0x0000000080000000,0x0000000082ed0270,0x0000000084300000)
 Metaspace       used 62371K, committed 63744K, reserved 1114112K
  class space    used 6620K, committed 7232K, reserved 1048576K
}
Event: 173.155 GC heap before
{Heap before GC invocations=37 (full 3):
 PSYoungGen      total 14848K, used 14432K [0x00000000d5580000, 0x00000000d6980000, 0x0000000100000000)
  eden space 13312K, 100% used [0x00000000d5580000,0x00000000d6280000,0x00000000d6280000)
  from space 1536K, 72% used [0x00000000d6280000,0x00000000d63982e0,0x00000000d6400000)
  to   space 3072K, 0% used [0x00000000d6680000,0x00000000d6680000,0x00000000d6980000)
 ParOldGen       total 68608K, used 47936K [0x0000000080000000, 0x0000000084300000, 0x00000000d5580000)
  object space 68608K, 69% used [0x0000000080000000,0x0000000082ed0270,0x0000000084300000)
 Metaspace       used 63451K, committed 64896K, reserved 1114112K
  class space    used 6726K, committed 7360K, reserved 1048576K
}
Event: 173.161 GC heap after
{Heap after GC invocations=37 (full 3):
 PSYoungGen      total 14848K, used 1395K [0x00000000d5580000, 0x00000000d6800000, 0x0000000100000000)
  eden space 13312K, 0% used [0x00000000d5580000,0x00000000d5580000,0x00000000d6280000)
  from space 1536K, 90% used [0x00000000d6680000,0x00000000d67dcef8,0x00000000d6800000)
  to   space 2048K, 0% used [0x00000000d6400000,0x00000000d6400000,0x00000000d6600000)
 ParOldGen       total 68608K, used 48671K [0x0000000080000000, 0x0000000084300000, 0x00000000d5580000)
  object space 68608K, 70% used [0x0000000080000000,0x0000000082f87c78,0x0000000084300000)
 Metaspace       used 63451K, committed 64896K, reserved 1114112K
  class space    used 6726K, committed 7360K, reserved 1048576K
}
Event: 249.750 GC heap before
{Heap before GC invocations=38 (full 3):
 PSYoungGen      total 14848K, used 14707K [0x00000000d5580000, 0x00000000d6800000, 0x0000000100000000)
  eden space 13312K, 100% used [0x00000000d5580000,0x00000000d6280000,0x00000000d6280000)
  from space 1536K, 90% used [0x00000000d6680000,0x00000000d67dcef8,0x00000000d6800000)
  to   space 2048K, 0% used [0x00000000d6400000,0x00000000d6400000,0x00000000d6600000)
 ParOldGen       total 68608K, used 48671K [0x0000000080000000, 0x0000000084300000, 0x00000000d5580000)
  object space 68608K, 70% used [0x0000000080000000,0x0000000082f87c78,0x0000000084300000)
 Metaspace       used 64041K, committed 65408K, reserved 1114112K
  class space    used 6776K, committed 7360K, reserved 1048576K
}
Event: 249.758 GC heap after
{Heap after GC invocations=38 (full 3):
 PSYoungGen      total 15360K, used 320K [0x00000000d5580000, 0x00000000d6700000, 0x0000000100000000)
  eden space 13312K, 0% used [0x00000000d5580000,0x00000000d5580000,0x00000000d6280000)
  from space 2048K, 15% used [0x00000000d6400000,0x00000000d6450020,0x00000000d6600000)
  to   space 1024K, 0% used [0x00000000d6600000,0x00000000d6600000,0x00000000d6700000)
 ParOldGen       total 68608K, used 49983K [0x0000000080000000, 0x0000000084300000, 0x00000000d5580000)
  object space 68608K, 72% used [0x0000000080000000,0x00000000830cfd90,0x0000000084300000)
 Metaspace       used 64041K, committed 65408K, reserved 1114112K
  class space    used 6776K, committed 7360K, reserved 1048576K
}
Event: 322.860 GC heap before
{Heap before GC invocations=39 (full 3):
 PSYoungGen      total 15360K, used 13632K [0x00000000d5580000, 0x00000000d6700000, 0x0000000100000000)
  eden space 13312K, 100% used [0x00000000d5580000,0x00000000d6280000,0x00000000d6280000)
  from space 2048K, 15% used [0x00000000d6400000,0x00000000d6450020,0x00000000d6600000)
  to   space 1024K, 0% used [0x00000000d6600000,0x00000000d6600000,0x00000000d6700000)
 ParOldGen       total 68608K, used 49983K [0x0000000080000000, 0x0000000084300000, 0x00000000d5580000)
  object space 68608K, 72% used [0x0000000080000000,0x00000000830cfd90,0x0000000084300000)
 Metaspace       used 64618K, committed 65920K, reserved 1114112K
  class space    used 6845K, committed 7424K, reserved 1048576K
}
Event: 322.872 GC heap after
{Heap after GC invocations=39 (full 3):
 PSYoungGen      total 14336K, used 864K [0x00000000d5580000, 0x00000000d6700000, 0x0000000100000000)
  eden space 13312K, 0% used [0x00000000d5580000,0x00000000d5580000,0x00000000d6280000)
  from space 1024K, 84% used [0x00000000d6600000,0x00000000d66d8060,0x00000000d6700000)
  to   space 1024K, 0% used [0x00000000d6500000,0x00000000d6500000,0x00000000d6600000)
 ParOldGen       total 68608K, used 50263K [0x0000000080000000, 0x0000000084300000, 0x00000000d5580000)
  object space 68608K, 73% used [0x0000000080000000,0x0000000083115db0,0x0000000084300000)
 Metaspace       used 64618K, committed 65920K, reserved 1114112K
  class space    used 6845K, committed 7424K, reserved 1048576K
}
Event: 324.100 GC heap before
{Heap before GC invocations=40 (full 3):
 PSYoungGen      total 14336K, used 4535K [0x00000000d5580000, 0x00000000d6700000, 0x0000000100000000)
  eden space 13312K, 27% used [0x00000000d5580000,0x00000000d5915ef0,0x00000000d6280000)
  from space 1024K, 84% used [0x00000000d6600000,0x00000000d66d8060,0x00000000d6700000)
  to   space 1024K, 0% used [0x00000000d6500000,0x00000000d6500000,0x00000000d6600000)
 ParOldGen       total 1398272K, used 50263K [0x0000000080000000, 0x00000000d5580000, 0x00000000d5580000)
  object space 1398272K, 3% used [0x0000000080000000,0x0000000083115db0,0x00000000d5580000)
 Metaspace       used 64738K, committed 66176K, reserved 1114112K
  class space    used 6859K, committed 7488K, reserved 1048576K
}
Event: 324.105 GC heap after
{Heap after GC invocations=40 (full 3):
 PSYoungGen      total 14336K, used 160K [0x00000000d5580000, 0x00000000d6680000, 0x0000000100000000)
  eden space 13312K, 0% used [0x00000000d5580000,0x00000000d5580000,0x00000000d6280000)
  from space 1024K, 15% used [0x00000000d6500000,0x00000000d6528000,0x00000000d6600000)
  to   space 512K, 0% used [0x00000000d6600000,0x00000000d6600000,0x00000000d6680000)
 ParOldGen       total 1398272K, used 50804K [0x0000000080000000, 0x00000000d5580000, 0x00000000d5580000)
  object space 1398272K, 3% used [0x0000000080000000,0x000000008319d280,0x00000000d5580000)
 Metaspace       used 64738K, committed 66176K, reserved 1114112K
  class space    used 6859K, committed 7488K, reserved 1048576K
}
Event: 324.105 GC heap before
{Heap before GC invocations=41 (full 3):
 PSYoungGen      total 14336K, used 160K [0x00000000d5580000, 0x00000000d6680000, 0x0000000100000000)
  eden space 13312K, 0% used [0x00000000d5580000,0x00000000d5580000,0x00000000d6280000)
  from space 1024K, 15% used [0x00000000d6500000,0x00000000d6528000,0x00000000d6600000)
  to   space 512K, 0% used [0x00000000d6600000,0x00000000d6600000,0x00000000d6680000)
 ParOldGen       total 1398272K, used 50804K [0x0000000080000000, 0x00000000d5580000, 0x00000000d5580000)
  object space 1398272K, 3% used [0x0000000080000000,0x000000008319d280,0x00000000d5580000)
 Metaspace       used 64738K, committed 66176K, reserved 1114112K
  class space    used 6859K, committed 7488K, reserved 1048576K
}
Event: 324.106 GC heap after
{Heap after GC invocations=41 (full 3):
 PSYoungGen      total 16896K, used 0K [0x00000000d5580000, 0x00000000d6700000, 0x0000000100000000)
  eden space 16384K, 0% used [0x00000000d5580000,0x00000000d5580000,0x00000000d6580000)
  from space 512K, 0% used [0x00000000d6600000,0x00000000d6600000,0x00000000d6680000)
  to   space 512K, 0% used [0x00000000d6580000,0x00000000d6580000,0x00000000d6600000)
 ParOldGen       total 1398272K, used 50940K [0x0000000080000000, 0x00000000d5580000, 0x00000000d5580000)
  object space 1398272K, 3% used [0x0000000080000000,0x00000000831bf2a0,0x00000000d5580000)
 Metaspace       used 64738K, committed 66176K, reserved 1114112K
  class space    used 6859K, committed 7488K, reserved 1048576K
}
Event: 324.107 GC heap before
{Heap before GC invocations=42 (full 4):
 PSYoungGen      total 16896K, used 0K [0x00000000d5580000, 0x00000000d6700000, 0x0000000100000000)
  eden space 16384K, 0% used [0x00000000d5580000,0x00000000d5580000,0x00000000d6580000)
  from space 512K, 0% used [0x00000000d6600000,0x00000000d6600000,0x00000000d6680000)
  to   space 512K, 0% used [0x00000000d6580000,0x00000000d6580000,0x00000000d6600000)
 ParOldGen       total 1398272K, used 50940K [0x0000000080000000, 0x00000000d5580000, 0x00000000d5580000)
  object space 1398272K, 3% used [0x0000000080000000,0x00000000831bf2a0,0x00000000d5580000)
 Metaspace       used 64738K, committed 66176K, reserved 1114112K
  class space    used 6859K, committed 7488K, reserved 1048576K
}
Event: 324.296 GC heap after
{Heap after GC invocations=42 (full 4):
 PSYoungGen      total 16896K, used 0K [0x00000000d5580000, 0x00000000d6a80000, 0x0000000100000000)
  eden space 16384K, 0% used [0x00000000d5580000,0x00000000d5580000,0x00000000d6580000)
  from space 512K, 0% used [0x00000000d6580000,0x00000000d6580000,0x00000000d6600000)
  to   space 512K, 0% used [0x00000000d6a00000,0x00000000d6a00000,0x00000000d6a80000)
 ParOldGen       total 70144K, used 43505K [0x0000000080000000, 0x0000000084480000, 0x00000000d5580000)
  object space 70144K, 62% used [0x0000000080000000,0x0000000082a7c560,0x0000000084480000)
 Metaspace       used 64738K, committed 66176K, reserved 1114112K
  class space    used 6859K, committed 7488K, reserved 1048576K
}
Event: 324.304 GC heap before
{Heap before GC invocations=43 (full 4):
 PSYoungGen      total 16896K, used 0K [0x00000000d5580000, 0x00000000d6a80000, 0x0000000100000000)
  eden space 16384K, 0% used [0x00000000d5580000,0x00000000d5580000,0x00000000d6580000)
  from space 512K, 0% used [0x00000000d6580000,0x00000000d6580000,0x00000000d6600000)
  to   space 512K, 0% used [0x00000000d6a00000,0x00000000d6a00000,0x00000000d6a80000)
 ParOldGen       total 1398272K, used 43505K [0x0000000080000000, 0x00000000d5580000, 0x00000000d5580000)
  object space 1398272K, 3% used [0x0000000080000000,0x0000000082a7c560,0x00000000d5580000)
 Metaspace       used 64738K, committed 66176K, reserved 1114112K
  class space    used 6859K, committed 7488K, reserved 1048576K
}
Event: 324.305 GC heap after
{Heap after GC invocations=43 (full 4):
 PSYoungGen      total 16896K, used 0K [0x00000000d5580000, 0x00000000d6a80000, 0x0000000100000000)
  eden space 16384K, 0% used [0x00000000d5580000,0x00000000d5580000,0x00000000d6580000)
  from space 512K, 0% used [0x00000000d6a00000,0x00000000d6a00000,0x00000000d6a80000)
  to   space 512K, 0% used [0x00000000d6580000,0x00000000d6580000,0x00000000d6600000)
 ParOldGen       total 1398272K, used 43505K [0x0000000080000000, 0x00000000d5580000, 0x00000000d5580000)
  object space 1398272K, 3% used [0x0000000080000000,0x0000000082a7c560,0x00000000d5580000)
 Metaspace       used 64738K, committed 66176K, reserved 1114112K
  class space    used 6859K, committed 7488K, reserved 1048576K
}
Event: 324.305 GC heap before
{Heap before GC invocations=44 (full 5):
 PSYoungGen      total 16896K, used 0K [0x00000000d5580000, 0x00000000d6a80000, 0x0000000100000000)
  eden space 16384K, 0% used [0x00000000d5580000,0x00000000d5580000,0x00000000d6580000)
  from space 512K, 0% used [0x00000000d6a00000,0x00000000d6a00000,0x00000000d6a80000)
  to   space 512K, 0% used [0x00000000d6580000,0x00000000d6580000,0x00000000d6600000)
 ParOldGen       total 1398272K, used 43505K [0x0000000080000000, 0x00000000d5580000, 0x00000000d5580000)
  object space 1398272K, 3% used [0x0000000080000000,0x0000000082a7c560,0x00000000d5580000)
 Metaspace       used 64738K, committed 66176K, reserved 1114112K
  class space    used 6859K, committed 7488K, reserved 1048576K
}
Event: 324.735 GC heap after
{Heap after GC invocations=44 (full 5):
 PSYoungGen      total 16896K, used 0K [0x00000000d5580000, 0x00000000d6a80000, 0x0000000100000000)
  eden space 16384K, 0% used [0x00000000d5580000,0x00000000d5580000,0x00000000d6580000)
  from space 512K, 0% used [0x00000000d6580000,0x00000000d6580000,0x00000000d6600000)
  to   space 512K, 0% used [0x00000000d6a00000,0x00000000d6a00000,0x00000000d6a80000)
 ParOldGen       total 84992K, used 38559K [0x0000000080000000, 0x0000000085300000, 0x00000000d5580000)
  object space 84992K, 45% used [0x0000000080000000,0x00000000825a7f80,0x0000000085300000)
 Metaspace       used 64451K, committed 66176K, reserved 1114112K
  class space    used 6780K, committed 7488K, reserved 1048576K
}

